<?xml version="1.0" encoding="UTF-8"?>
<!-- Generated by org.testng.reporters.JUnitXMLReporter -->
<testsuite hostname="DESKTOP-8VN9D7S" ignored="0" name="Test" tests="1" failures="1" timestamp="2021-04-14T11:45:01 PDT" time="8.12" errors="0">
  <testcase name="f" time="7.965" classname="test.E2E">
    <failure type="java.lang.NullPointerException">
      <![CDATA[java.lang.NullPointerException
at pom.login_page.username(login_page.java:19)
at test.E2E.f(E2E.java:25)
at java.util.ArrayList.forEach(Unknown Source)
... Removed 27 stack frames]]>
    </failure>
  </testcase> <!-- f -->
</testsuite> <!-- Test -->
